{"/Users/thibaultcholet/Documents/GitHub/thibaultcholet/Context-Engineering-Intro/projets/gestion-visiteurs/server-test.js": {"path":"/Users/thibaultcholet/Documents/GitHub/thibaultcholet/Context-Engineering-Intro/projets/gestion-visiteurs/server-test.js","statementMap":{"0":{"start":{"line":1,"column":16},"end":{"line":1,"column":34}},"1":{"start":{"line":2,"column":19},"end":{"line":2,"column":41}},"2":{"start":{"line":3,"column":13},"end":{"line":3,"column":28}},"3":{"start":{"line":4,"column":23},"end":{"line":4,"column":38}},"4":{"start":{"line":5,"column":11},"end":{"line":5,"column":33}},"5":{"start":{"line":6,"column":15},"end":{"line":6,"column":32}},"6":{"start":{"line":9,"column":12},"end":{"line":9,"column":21}},"7":{"start":{"line":12,"column":0},"end":{"line":12,"column":27}},"8":{"start":{"line":15,"column":22},"end":{"line":15,"column":64}},"9":{"start":{"line":16,"column":27},"end":{"line":16,"column":68}},"10":{"start":{"line":17,"column":25},"end":{"line":17,"column":64}},"11":{"start":{"line":20,"column":21},"end":{"line":29,"column":1}},"12":{"start":{"line":21,"column":4},"end":{"line":28,"column":5}},"13":{"start":{"line":22,"column":8},"end":{"line":22,"column":34}},"14":{"start":{"line":23,"column":21},"end":{"line":23,"column":56}},"15":{"start":{"line":24,"column":8},"end":{"line":24,"column":52}},"16":{"start":{"line":24,"column":32},"end":{"line":24,"column":52}},"17":{"start":{"line":25,"column":8},"end":{"line":25,"column":32}},"18":{"start":{"line":27,"column":8},"end":{"line":27,"column":28}},"19":{"start":{"line":31,"column":22},"end":{"line":38,"column":1}},"20":{"start":{"line":32,"column":4},"end":{"line":37,"column":5}},"21":{"start":{"line":33,"column":8},"end":{"line":33,"column":68}},"22":{"start":{"line":34,"column":8},"end":{"line":34,"column":68}},"23":{"start":{"line":36,"column":8},"end":{"line":36,"column":74}},"24":{"start":{"line":40,"column":19},"end":{"line":44,"column":2}},"25":{"start":{"line":40,"column":25},"end":{"line":44,"column":2}},"26":{"start":{"line":46,"column":20},"end":{"line":46,"column":71}},"27":{"start":{"line":46,"column":32},"end":{"line":46,"column":71}},"28":{"start":{"line":47,"column":21},"end":{"line":47,"column":63}},"29":{"start":{"line":47,"column":27},"end":{"line":47,"column":63}},"30":{"start":{"line":48,"column":22},"end":{"line":48,"column":79}},"31":{"start":{"line":48,"column":36},"end":{"line":48,"column":79}},"32":{"start":{"line":51,"column":0},"end":{"line":67,"column":3}},"33":{"start":{"line":52,"column":72},"end":{"line":52,"column":80}},"34":{"start":{"line":53,"column":4},"end":{"line":55,"column":5}},"35":{"start":{"line":54,"column":8},"end":{"line":54,"column":103}},"36":{"start":{"line":56,"column":23},"end":{"line":62,"column":5}},"37":{"start":{"line":63,"column":21},"end":{"line":63,"column":41}},"38":{"start":{"line":64,"column":4},"end":{"line":64,"column":30}},"39":{"start":{"line":65,"column":4},"end":{"line":65,"column":34}},"40":{"start":{"line":66,"column":4},"end":{"line":66,"column":74}},"41":{"start":{"line":69,"column":0},"end":{"line":80,"column":3}},"42":{"start":{"line":70,"column":22},"end":{"line":70,"column":30}},"43":{"start":{"line":71,"column":4},"end":{"line":71,"column":91}},"44":{"start":{"line":71,"column":16},"end":{"line":71,"column":91}},"45":{"start":{"line":72,"column":21},"end":{"line":72,"column":41}},"46":{"start":{"line":73,"column":25},"end":{"line":73,"column":93}},"47":{"start":{"line":73,"column":49},"end":{"line":73,"column":92}},"48":{"start":{"line":74,"column":4},"end":{"line":76,"column":5}},"49":{"start":{"line":75,"column":8},"end":{"line":75,"column":100}},"50":{"start":{"line":77,"column":4},"end":{"line":77,"column":66}},"51":{"start":{"line":78,"column":4},"end":{"line":78,"column":34}},"52":{"start":{"line":79,"column":4},"end":{"line":79,"column":72}},"53":{"start":{"line":82,"column":0},"end":{"line":85,"column":3}},"54":{"start":{"line":83,"column":19},"end":{"line":83,"column":37}},"55":{"start":{"line":84,"column":4},"end":{"line":84,"column":76}},"56":{"start":{"line":87,"column":0},"end":{"line":99,"column":3}},"57":{"start":{"line":88,"column":21},"end":{"line":88,"column":41}},"58":{"start":{"line":89,"column":16},"end":{"line":89,"column":26}},"59":{"start":{"line":90,"column":18},"end":{"line":90,"column":76}},"60":{"start":{"line":91,"column":25},"end":{"line":91,"column":76}},"61":{"start":{"line":92,"column":26},"end":{"line":92,"column":78}},"62":{"start":{"line":93,"column":4},"end":{"line":98,"column":7}},"63":{"start":{"line":94,"column":38},"end":{"line":94,"column":60}},"64":{"start":{"line":95,"column":36},"end":{"line":95,"column":69}},"65":{"start":{"line":96,"column":40},"end":{"line":96,"column":80}},"66":{"start":{"line":97,"column":41},"end":{"line":97,"column":82}},"67":{"start":{"line":101,"column":0},"end":{"line":111,"column":3}},"68":{"start":{"line":102,"column":20},"end":{"line":102,"column":28}},"69":{"start":{"line":103,"column":4},"end":{"line":103,"column":82}},"70":{"start":{"line":103,"column":14},"end":{"line":103,"column":82}},"71":{"start":{"line":104,"column":19},"end":{"line":104,"column":37}},"72":{"start":{"line":105,"column":20},"end":{"line":105,"column":73}},"73":{"start":{"line":106,"column":4},"end":{"line":110,"column":5}},"74":{"start":{"line":107,"column":8},"end":{"line":107,"column":48}},"75":{"start":{"line":109,"column":8},"end":{"line":109,"column":81}},"76":{"start":{"line":113,"column":0},"end":{"line":116,"column":3}},"77":{"start":{"line":114,"column":21},"end":{"line":114,"column":41}},"78":{"start":{"line":115,"column":4},"end":{"line":115,"column":71}},"79":{"start":{"line":115,"column":46},"end":{"line":115,"column":68}},"80":{"start":{"line":118,"column":0},"end":{"line":121,"column":3}},"81":{"start":{"line":119,"column":21},"end":{"line":119,"column":41}},"82":{"start":{"line":120,"column":4},"end":{"line":120,"column":35}},"83":{"start":{"line":123,"column":0},"end":{"line":126,"column":3}},"84":{"start":{"line":124,"column":19},"end":{"line":124,"column":37}},"85":{"start":{"line":125,"column":4},"end":{"line":125,"column":33}},"86":{"start":{"line":128,"column":0},"end":{"line":148,"column":3}},"87":{"start":{"line":129,"column":50},"end":{"line":129,"column":58}},"88":{"start":{"line":130,"column":26},"end":{"line":130,"column":44}},"89":{"start":{"line":132,"column":4},"end":{"line":137,"column":5}},"90":{"start":{"line":133,"column":8},"end":{"line":135,"column":9}},"91":{"start":{"line":134,"column":12},"end":{"line":134,"column":89}},"92":{"start":{"line":136,"column":8},"end":{"line":136,"column":60}},"93":{"start":{"line":139,"column":4},"end":{"line":144,"column":5}},"94":{"start":{"line":140,"column":8},"end":{"line":142,"column":9}},"95":{"start":{"line":141,"column":12},"end":{"line":141,"column":94}},"96":{"start":{"line":143,"column":8},"end":{"line":143,"column":54}},"97":{"start":{"line":146,"column":4},"end":{"line":146,"column":37}},"98":{"start":{"line":147,"column":4},"end":{"line":147,"column":68}},"99":{"start":{"line":150,"column":0},"end":{"line":165,"column":3}},"100":{"start":{"line":151,"column":23},"end":{"line":151,"column":31}},"101":{"start":{"line":152,"column":4},"end":{"line":154,"column":5}},"102":{"start":{"line":153,"column":8},"end":{"line":153,"column":103}},"103":{"start":{"line":156,"column":4},"end":{"line":158,"column":5}},"104":{"start":{"line":157,"column":8},"end":{"line":157,"column":99}},"105":{"start":{"line":160,"column":19},"end":{"line":160,"column":37}},"106":{"start":{"line":161,"column":4},"end":{"line":161,"column":82}},"107":{"start":{"line":162,"column":4},"end":{"line":162,"column":30}},"108":{"start":{"line":164,"column":4},"end":{"line":164,"column":74}},"109":{"start":{"line":167,"column":0},"end":{"line":175,"column":3}},"110":{"start":{"line":168,"column":4},"end":{"line":174,"column":5}},"111":{"start":{"line":169,"column":8},"end":{"line":169,"column":32}},"112":{"start":{"line":170,"column":8},"end":{"line":170,"column":84}},"113":{"start":{"line":172,"column":8},"end":{"line":172,"column":77}},"114":{"start":{"line":173,"column":8},"end":{"line":173,"column":90}},"115":{"start":{"line":177,"column":0},"end":{"line":199,"column":3}},"116":{"start":{"line":178,"column":19},"end":{"line":178,"column":37}},"117":{"start":{"line":179,"column":17},"end":{"line":179,"column":47}},"118":{"start":{"line":180,"column":30},"end":{"line":180,"column":40}},"119":{"start":{"line":181,"column":4},"end":{"line":181,"column":66}},"120":{"start":{"line":182,"column":19},"end":{"line":182,"column":39}},"121":{"start":{"line":183,"column":19},"end":{"line":183,"column":24}},"122":{"start":{"line":184,"column":4},"end":{"line":194,"column":7}},"123":{"start":{"line":185,"column":8},"end":{"line":193,"column":9}},"124":{"start":{"line":186,"column":12},"end":{"line":186,"column":35}},"125":{"start":{"line":187,"column":12},"end":{"line":187,"column":38}},"126":{"start":{"line":188,"column":12},"end":{"line":188,"column":39}},"127":{"start":{"line":189,"column":12},"end":{"line":189,"column":37}},"128":{"start":{"line":190,"column":12},"end":{"line":190,"column":41}},"129":{"start":{"line":191,"column":12},"end":{"line":191,"column":47}},"130":{"start":{"line":192,"column":12},"end":{"line":192,"column":28}},"131":{"start":{"line":195,"column":4},"end":{"line":197,"column":5}},"132":{"start":{"line":196,"column":8},"end":{"line":196,"column":38}},"133":{"start":{"line":198,"column":4},"end":{"line":198,"column":65}},"134":{"start":{"line":202,"column":0},"end":{"line":210,"column":2}}},"fnMap":{"0":{"name":"(anonymous_0)","decl":{"start":{"line":20,"column":21},"end":{"line":20,"column":22}},"loc":{"start":{"line":20,"column":55},"end":{"line":29,"column":1}},"line":20},"1":{"name":"(anonymous_1)","decl":{"start":{"line":31,"column":22},"end":{"line":31,"column":23}},"loc":{"start":{"line":31,"column":48},"end":{"line":38,"column":1}},"line":31},"2":{"name":"(anonymous_2)","decl":{"start":{"line":40,"column":19},"end":{"line":40,"column":20}},"loc":{"start":{"line":40,"column":25},"end":{"line":44,"column":2}},"line":40},"3":{"name":"(anonymous_3)","decl":{"start":{"line":46,"column":20},"end":{"line":46,"column":21}},"loc":{"start":{"line":46,"column":32},"end":{"line":46,"column":71}},"line":46},"4":{"name":"(anonymous_4)","decl":{"start":{"line":47,"column":21},"end":{"line":47,"column":22}},"loc":{"start":{"line":47,"column":27},"end":{"line":47,"column":63}},"line":47},"5":{"name":"(anonymous_5)","decl":{"start":{"line":48,"column":22},"end":{"line":48,"column":23}},"loc":{"start":{"line":48,"column":36},"end":{"line":48,"column":79}},"line":48},"6":{"name":"(anonymous_6)","decl":{"start":{"line":51,"column":26},"end":{"line":51,"column":27}},"loc":{"start":{"line":51,"column":46},"end":{"line":67,"column":1}},"line":51},"7":{"name":"(anonymous_7)","decl":{"start":{"line":69,"column":27},"end":{"line":69,"column":28}},"loc":{"start":{"line":69,"column":47},"end":{"line":80,"column":1}},"line":69},"8":{"name":"(anonymous_8)","decl":{"start":{"line":73,"column":44},"end":{"line":73,"column":45}},"loc":{"start":{"line":73,"column":49},"end":{"line":73,"column":92}},"line":73},"9":{"name":"(anonymous_9)","decl":{"start":{"line":82,"column":32},"end":{"line":82,"column":33}},"loc":{"start":{"line":82,"column":52},"end":{"line":85,"column":1}},"line":82},"10":{"name":"(anonymous_10)","decl":{"start":{"line":87,"column":28},"end":{"line":87,"column":29}},"loc":{"start":{"line":87,"column":48},"end":{"line":99,"column":1}},"line":87},"11":{"name":"(anonymous_11)","decl":{"start":{"line":94,"column":33},"end":{"line":94,"column":34}},"loc":{"start":{"line":94,"column":38},"end":{"line":94,"column":60}},"line":94},"12":{"name":"(anonymous_12)","decl":{"start":{"line":95,"column":31},"end":{"line":95,"column":32}},"loc":{"start":{"line":95,"column":36},"end":{"line":95,"column":69}},"line":95},"13":{"name":"(anonymous_13)","decl":{"start":{"line":96,"column":35},"end":{"line":96,"column":36}},"loc":{"start":{"line":96,"column":40},"end":{"line":96,"column":80}},"line":96},"14":{"name":"(anonymous_14)","decl":{"start":{"line":97,"column":36},"end":{"line":97,"column":37}},"loc":{"start":{"line":97,"column":41},"end":{"line":97,"column":82}},"line":97},"15":{"name":"(anonymous_15)","decl":{"start":{"line":101,"column":29},"end":{"line":101,"column":30}},"loc":{"start":{"line":101,"column":49},"end":{"line":111,"column":1}},"line":101},"16":{"name":"(anonymous_16)","decl":{"start":{"line":113,"column":39},"end":{"line":113,"column":40}},"loc":{"start":{"line":113,"column":59},"end":{"line":116,"column":1}},"line":113},"17":{"name":"(anonymous_17)","decl":{"start":{"line":115,"column":41},"end":{"line":115,"column":42}},"loc":{"start":{"line":115,"column":46},"end":{"line":115,"column":68}},"line":115},"18":{"name":"(anonymous_18)","decl":{"start":{"line":118,"column":39},"end":{"line":118,"column":40}},"loc":{"start":{"line":118,"column":59},"end":{"line":121,"column":1}},"line":118},"19":{"name":"(anonymous_19)","decl":{"start":{"line":123,"column":29},"end":{"line":123,"column":30}},"loc":{"start":{"line":123,"column":49},"end":{"line":126,"column":1}},"line":123},"20":{"name":"(anonymous_20)","decl":{"start":{"line":128,"column":30},"end":{"line":128,"column":31}},"loc":{"start":{"line":128,"column":50},"end":{"line":148,"column":1}},"line":128},"21":{"name":"(anonymous_21)","decl":{"start":{"line":150,"column":34},"end":{"line":150,"column":35}},"loc":{"start":{"line":150,"column":54},"end":{"line":165,"column":1}},"line":150},"22":{"name":"(anonymous_22)","decl":{"start":{"line":167,"column":38},"end":{"line":167,"column":39}},"loc":{"start":{"line":167,"column":58},"end":{"line":175,"column":1}},"line":167},"23":{"name":"(anonymous_23)","decl":{"start":{"line":177,"column":33},"end":{"line":177,"column":34}},"loc":{"start":{"line":177,"column":53},"end":{"line":199,"column":1}},"line":177},"24":{"name":"(anonymous_24)","decl":{"start":{"line":184,"column":21},"end":{"line":184,"column":22}},"loc":{"start":{"line":184,"column":26},"end":{"line":194,"column":5}},"line":184}},"branchMap":{"0":{"loc":{"start":{"line":24,"column":8},"end":{"line":24,"column":52}},"type":"if","locations":[{"start":{"line":24,"column":8},"end":{"line":24,"column":52}},{"start":{},"end":{}}],"line":24},"1":{"loc":{"start":{"line":53,"column":4},"end":{"line":55,"column":5}},"type":"if","locations":[{"start":{"line":53,"column":4},"end":{"line":55,"column":5}},{"start":{},"end":{}}],"line":53},"2":{"loc":{"start":{"line":53,"column":8},"end":{"line":53,"column":65}},"type":"binary-expr","locations":[{"start":{"line":53,"column":8},"end":{"line":53,"column":12}},{"start":{"line":53,"column":16},"end":{"line":53,"column":23}},{"start":{"line":53,"column":27},"end":{"line":53,"column":35}},{"start":{"line":53,"column":39},"end":{"line":53,"column":45}},{"start":{"line":53,"column":49},"end":{"line":53,"column":65}}],"line":53},"3":{"loc":{"start":{"line":59,"column":19},"end":{"line":59,"column":36}},"type":"binary-expr","locations":[{"start":{"line":59,"column":19},"end":{"line":59,"column":28}},{"start":{"line":59,"column":32},"end":{"line":59,"column":36}}],"line":59},"4":{"loc":{"start":{"line":71,"column":4},"end":{"line":71,"column":91}},"type":"if","locations":[{"start":{"line":71,"column":4},"end":{"line":71,"column":91}},{"start":{},"end":{}}],"line":71},"5":{"loc":{"start":{"line":73,"column":49},"end":{"line":73,"column":92}},"type":"binary-expr","locations":[{"start":{"line":73,"column":49},"end":{"line":73,"column":66}},{"start":{"line":73,"column":70},"end":{"line":73,"column":92}}],"line":73},"6":{"loc":{"start":{"line":74,"column":4},"end":{"line":76,"column":5}},"type":"if","locations":[{"start":{"line":74,"column":4},"end":{"line":76,"column":5}},{"start":{},"end":{}}],"line":74},"7":{"loc":{"start":{"line":84,"column":36},"end":{"line":84,"column":72}},"type":"binary-expr","locations":[{"start":{"line":84,"column":36},"end":{"line":84,"column":57}},{"start":{"line":84,"column":61},"end":{"line":84,"column":72}}],"line":84},"8":{"loc":{"start":{"line":103,"column":4},"end":{"line":103,"column":82}},"type":"if","locations":[{"start":{"line":103,"column":4},"end":{"line":103,"column":82}},{"start":{},"end":{}}],"line":103},"9":{"loc":{"start":{"line":106,"column":4},"end":{"line":110,"column":5}},"type":"if","locations":[{"start":{"line":106,"column":4},"end":{"line":110,"column":5}},{"start":{"line":108,"column":11},"end":{"line":110,"column":5}}],"line":106},"10":{"loc":{"start":{"line":132,"column":4},"end":{"line":137,"column":5}},"type":"if","locations":[{"start":{"line":132,"column":4},"end":{"line":137,"column":5}},{"start":{},"end":{}}],"line":132},"11":{"loc":{"start":{"line":133,"column":8},"end":{"line":135,"column":9}},"type":"if","locations":[{"start":{"line":133,"column":8},"end":{"line":135,"column":9}},{"start":{},"end":{}}],"line":133},"12":{"loc":{"start":{"line":133,"column":12},"end":{"line":133,"column":74}},"type":"binary-expr","locations":[{"start":{"line":133,"column":12},"end":{"line":133,"column":49}},{"start":{"line":133,"column":53},"end":{"line":133,"column":74}}],"line":133},"13":{"loc":{"start":{"line":139,"column":4},"end":{"line":144,"column":5}},"type":"if","locations":[{"start":{"line":139,"column":4},"end":{"line":144,"column":5}},{"start":{},"end":{}}],"line":139},"14":{"loc":{"start":{"line":140,"column":8},"end":{"line":142,"column":9}},"type":"if","locations":[{"start":{"line":140,"column":8},"end":{"line":142,"column":9}},{"start":{},"end":{}}],"line":140},"15":{"loc":{"start":{"line":152,"column":4},"end":{"line":154,"column":5}},"type":"if","locations":[{"start":{"line":152,"column":4},"end":{"line":154,"column":5}},{"start":{},"end":{}}],"line":152},"16":{"loc":{"start":{"line":152,"column":8},"end":{"line":152,"column":87}},"type":"binary-expr","locations":[{"start":{"line":152,"column":8},"end":{"line":152,"column":15}},{"start":{"line":152,"column":19},"end":{"line":152,"column":45}},{"start":{"line":152,"column":49},"end":{"line":152,"column":66}},{"start":{"line":152,"column":70},"end":{"line":152,"column":87}}],"line":152},"17":{"loc":{"start":{"line":156,"column":4},"end":{"line":158,"column":5}},"type":"if","locations":[{"start":{"line":156,"column":4},"end":{"line":158,"column":5}},{"start":{},"end":{}}],"line":156},"18":{"loc":{"start":{"line":179,"column":17},"end":{"line":179,"column":47}},"type":"binary-expr","locations":[{"start":{"line":179,"column":17},"end":{"line":179,"column":41}},{"start":{"line":179,"column":45},"end":{"line":179,"column":47}}],"line":179},"19":{"loc":{"start":{"line":185,"column":8},"end":{"line":193,"column":9}},"type":"if","locations":[{"start":{"line":185,"column":8},"end":{"line":193,"column":9}},{"start":{},"end":{}}],"line":185},"20":{"loc":{"start":{"line":185,"column":12},"end":{"line":185,"column":100}},"type":"binary-expr","locations":[{"start":{"line":185,"column":12},"end":{"line":185,"column":25}},{"start":{"line":185,"column":29},"end":{"line":185,"column":72}},{"start":{"line":185,"column":76},"end":{"line":185,"column":100}}],"line":185},"21":{"loc":{"start":{"line":195,"column":4},"end":{"line":197,"column":5}},"type":"if","locations":[{"start":{"line":195,"column":4},"end":{"line":197,"column":5}},{"start":{},"end":{}}],"line":195}},"s":{"0":1,"1":1,"2":1,"3":1,"4":1,"5":1,"6":1,"7":1,"8":1,"9":1,"10":1,"11":1,"12":18,"13":18,"14":17,"15":17,"16":0,"17":17,"18":1,"19":1,"20":7,"21":7,"22":7,"23":0,"24":1,"25":9,"26":1,"27":2,"28":1,"29":7,"30":1,"31":4,"32":1,"33":2,"34":2,"35":1,"36":1,"37":1,"38":1,"39":1,"40":1,"41":1,"42":3,"43":3,"44":1,"45":2,"46":2,"47":1,"48":2,"49":1,"50":1,"51":1,"52":1,"53":1,"54":1,"55":1,"56":1,"57":1,"58":1,"59":1,"60":1,"61":1,"62":1,"63":2,"64":2,"65":2,"66":2,"67":1,"68":3,"69":3,"70":1,"71":2,"72":2,"73":2,"74":1,"75":1,"76":1,"77":1,"78":1,"79":2,"80":1,"81":1,"82":1,"83":1,"84":1,"85":1,"86":1,"87":3,"88":3,"89":3,"90":2,"91":1,"92":1,"93":2,"94":2,"95":1,"96":1,"97":1,"98":1,"99":1,"100":4,"101":4,"102":2,"103":2,"104":1,"105":1,"106":1,"107":1,"108":1,"109":1,"110":1,"111":1,"112":1,"113":0,"114":0,"115":1,"116":1,"117":1,"118":1,"119":1,"120":1,"121":1,"122":1,"123":2,"124":1,"125":1,"126":1,"127":1,"128":1,"129":1,"130":1,"131":1,"132":1,"133":1,"134":1},"f":{"0":18,"1":7,"2":9,"3":2,"4":7,"5":4,"6":2,"7":3,"8":1,"9":1,"10":1,"11":2,"12":2,"13":2,"14":2,"15":3,"16":1,"17":2,"18":1,"19":1,"20":3,"21":4,"22":1,"23":1,"24":2},"b":{"0":[0,17],"1":[1,1],"2":[2,2,2,1,1],"3":[1,0],"4":[1,2],"5":[1,1],"6":[1,1],"7":[1,0],"8":[1,2],"9":[1,1],"10":[2,1],"11":[1,1],"12":[2,2],"13":[2,0],"14":[1,1],"15":[2,2],"16":[4,4,4,3],"17":[1,1],"18":[1,0],"19":[1,1],"20":[2,2,1],"21":[1,0]},"_coverageSchema":"1a1c01bbd47fc00a2c39e90264f33305004495a9","hash":"9c5c57a9bf5d30f3014f68eb55eab501ed74be5c"}
}
