TN:
SF:server-test.js
FN:20,(anonymous_0)
FN:31,(anonymous_1)
FN:40,(anonymous_2)
FN:46,(anonymous_3)
FN:47,(anonymous_4)
FN:48,(anonymous_5)
FN:51,(anonymous_6)
FN:69,(anonymous_7)
FN:73,(anonymous_8)
FN:82,(anonymous_9)
FN:87,(anonymous_10)
FN:94,(anonymous_11)
FN:95,(anonymous_12)
FN:96,(anonymous_13)
FN:97,(anonymous_14)
FN:101,(anonymous_15)
FN:113,(anonymous_16)
FN:115,(anonymous_17)
FN:118,(anonymous_18)
FN:123,(anonymous_19)
FN:128,(anonymous_20)
FN:150,(anonymous_21)
FN:167,(anonymous_22)
FN:177,(anonymous_23)
FN:184,(anonymous_24)
FNF:25
FNH:25
FNDA:18,(anonymous_0)
FNDA:7,(anonymous_1)
FNDA:9,(anonymous_2)
FNDA:2,(anonymous_3)
FNDA:7,(anonymous_4)
FNDA:4,(anonymous_5)
FNDA:2,(anonymous_6)
FNDA:3,(anonymous_7)
FNDA:1,(anonymous_8)
FNDA:1,(anonymous_9)
FNDA:1,(anonymous_10)
FNDA:2,(anonymous_11)
FNDA:2,(anonymous_12)
FNDA:2,(anonymous_13)
FNDA:2,(anonymous_14)
FNDA:3,(anonymous_15)
FNDA:1,(anonymous_16)
FNDA:2,(anonymous_17)
FNDA:1,(anonymous_18)
FNDA:1,(anonymous_19)
FNDA:3,(anonymous_20)
FNDA:4,(anonymous_21)
FNDA:1,(anonymous_22)
FNDA:1,(anonymous_23)
FNDA:2,(anonymous_24)
DA:1,1
DA:2,1
DA:3,1
DA:4,1
DA:5,1
DA:6,1
DA:9,1
DA:12,1
DA:15,1
DA:16,1
DA:17,1
DA:20,1
DA:21,18
DA:22,18
DA:23,17
DA:24,17
DA:25,17
DA:27,1
DA:31,1
DA:32,7
DA:33,7
DA:34,7
DA:36,0
DA:40,9
DA:46,2
DA:47,7
DA:48,4
DA:51,1
DA:52,2
DA:53,2
DA:54,1
DA:56,1
DA:63,1
DA:64,1
DA:65,1
DA:66,1
DA:69,1
DA:70,3
DA:71,3
DA:72,2
DA:73,2
DA:74,2
DA:75,1
DA:77,1
DA:78,1
DA:79,1
DA:82,1
DA:83,1
DA:84,1
DA:87,1
DA:88,1
DA:89,1
DA:90,1
DA:91,1
DA:92,1
DA:93,1
DA:94,2
DA:95,2
DA:96,2
DA:97,2
DA:101,1
DA:102,3
DA:103,3
DA:104,2
DA:105,2
DA:106,2
DA:107,1
DA:109,1
DA:113,1
DA:114,1
DA:115,2
DA:118,1
DA:119,1
DA:120,1
DA:123,1
DA:124,1
DA:125,1
DA:128,1
DA:129,3
DA:130,3
DA:132,3
DA:133,2
DA:134,1
DA:136,1
DA:139,2
DA:140,2
DA:141,1
DA:143,1
DA:146,1
DA:147,1
DA:150,1
DA:151,4
DA:152,4
DA:153,2
DA:156,2
DA:157,1
DA:160,1
DA:161,1
DA:162,1
DA:164,1
DA:167,1
DA:168,1
DA:169,1
DA:170,1
DA:172,0
DA:173,0
DA:177,1
DA:178,1
DA:179,1
DA:180,1
DA:181,1
DA:182,1
DA:183,1
DA:184,1
DA:185,2
DA:186,1
DA:187,1
DA:188,1
DA:189,1
DA:190,1
DA:191,1
DA:192,1
DA:195,1
DA:196,1
DA:198,1
DA:202,1
LF:126
LH:123
BRDA:24,0,0,0
BRDA:24,0,1,17
BRDA:53,1,0,1
BRDA:53,1,1,1
BRDA:53,2,0,2
BRDA:53,2,1,2
BRDA:53,2,2,2
BRDA:53,2,3,1
BRDA:53,2,4,1
BRDA:59,3,0,1
BRDA:59,3,1,0
BRDA:71,4,0,1
BRDA:71,4,1,2
BRDA:73,5,0,1
BRDA:73,5,1,1
BRDA:74,6,0,1
BRDA:74,6,1,1
BRDA:84,7,0,1
BRDA:84,7,1,0
BRDA:103,8,0,1
BRDA:103,8,1,2
BRDA:106,9,0,1
BRDA:106,9,1,1
BRDA:132,10,0,2
BRDA:132,10,1,1
BRDA:133,11,0,1
BRDA:133,11,1,1
BRDA:133,12,0,2
BRDA:133,12,1,2
BRDA:139,13,0,2
BRDA:139,13,1,0
BRDA:140,14,0,1
BRDA:140,14,1,1
BRDA:152,15,0,2
BRDA:152,15,1,2
BRDA:152,16,0,4
BRDA:152,16,1,4
BRDA:152,16,2,4
BRDA:152,16,3,3
BRDA:156,17,0,1
BRDA:156,17,1,1
BRDA:179,18,0,1
BRDA:179,18,1,0
BRDA:185,19,0,1
BRDA:185,19,1,1
BRDA:185,20,0,2
BRDA:185,20,1,2
BRDA:185,20,2,1
BRDA:195,21,0,1
BRDA:195,21,1,0
BRF:50
BRH:44
end_of_record
